
 This GEMPACK log file was created at 12:30:53 on 04-FEB-2026 by the program
  <minimal.for 04-FEB-2026 (a TABLO-generated program)>
 which accesses some of the routines in the GEMPACK software release
  <GEMPACK Release 12.0.003   February 2019>
 
 
 <minimal.for 04-FEB-2026 (a TABLO-generated program)>
   This program accesses some of the routines in the GEMPACK software release
 <GEMPACK Release 12.0.003   February 2019>
  
 Licence file: C:\GP\licen.gem
  
     -------------------------------------------------------
    !            GEMPACK Software System Licence            !
    !  Source Code Licence for the GEMPACK Software System  !
    !                 Licence No.  GFM-1643                 !
    !          Licence for Release 12.0 of GEMPACK          !
    !              The Thailand Research Fund               !
    !                Phyathai, Bangkok 10400                !
     -------------------------------------------------------
 
 
     << COPYRIGHT 1987-2018: CoPS/Impact and KPSOFT >>
 
  Current directory is: E:\cge\minimal\shock\MINGUIDE
  
 
  Full path name of running EXE is: E:\cge\minimal\model\minimal.exe
  Fortran compiler = GF64   version 6.4.0 64 bit
  BLAS library: OpenBlas
  OPENMP number of threads: 12
  Gempack source corresponds to revision 907.
  Operating System is Microsoft Windows 11 Pro
 
 
  ++++++++++++++++++++++++++++++++++++++++++++++++++++++++++++
 
 
                    TABLO-GENERATED PROGRAM OPTIONS
               ( --> indicates those in effect )
 
       BAT Run in batch              STI Take inputs from a Stored-input file
       BPR Brief prompts             SIF Store inputs on a file
       LOG Output to log file        ASI Add to incomplete Stored-input file
                                     CMF Take inputs from a Command file
       EAA Echo all activity           SVX Select variables on XAC file (later)
   --> CPU Report CPU times            RQF Required figures agreement (extrap)
       NRP Don't reuse pivots        NIR Don't do solution iterative refinement
                                 --> IZ1 Ignore zero coefficients in step 1
                                     KZ2 Keep zero coefficients in steps 2,3 etc
       NEQ Do no equations           NWE Don't warn how well equations solved
       NDS Do no displays            SSI Several subintervals; extrap after each
       NWR Do no writes              M28 Use MA28 routines (rather than MA48)
       NAS Do no assertions          SUI Save updated formula(initial) data
       NUD Do no final updates              Extra Options Screen
       NSM Don't do simulation              --------------------
       NWT Use Newton's method      DTO Display, Terminal/Text write Options
       CR  Check-on-read options
 
  Select an option   :  <opt>      Deselect an option      : -<opt>
  Help for an option : ?<opt>      Help on all options     : ??
  Redisplay options  : /           Finish option selection : Carriage return
  
 (Opened, as text, existing file 'MINGUIDE.CMF'.)
  (Taking inputs from a command file.)
 (Opened, as text, existing file 'MINGUIDE.CMF'.)
 
  !  (There is no CREATION information on this file.)
  
 
  --> Reading the Command file.
  
 ! Computing Guide for MINIMAL !
 
 ! Input Data
 File BASEDATA = ../model/minimal.har; ! Data File
 Updated File BaseData = agg3.upd;
 
 Method = johansen;
 Steps = 2 4 6;
 
 Verbal Description = Numeraire simulation;
 
 ! SHORTRUN closure
 Exogenous phi realwage x1cap x3tot x_s(COM,"Investment") x_s(COM,"Government")
     a1prim pworld f4q Delmtxrate Delptxrate;
 Rest Endogenous;
 
 Shock phi = 10;
 
  (Finished reading the command file.)
 
  Auxiliary Statement File
  ---------------------
 (Opened, as binary, existing file 'E:\cge\minimal\model\minimal.axs'.)
 
  Auxiliary Table File
  -----------------
 (Opened, as header, existing file 'E:\cge\minimal\model\minimal.axt'.)
 
  !  This file was created at 12:09:30 on 04-FEB-2026 by the program
  !    <TABLO  Version 7.0   August 2018>
  !  which accesses some of the routines in the GEMPACK software release
  !    <GEMPACK Release 12.0.003   February 2019>
  !  [The program which created this file was compiled with GF64.]
  
 Auxiliary Table File was created by TABLO at 12:09:30 on 04-FEB-2026
 [TABLO file used here is "minimal.tab".]
 [No TABLO STI file used when TABLO was run.]
 
  Using Gempack optimized version of LU decompositions
  With this option active several old options are obsolete.
  These options concern: Markowitz pivots, and those starting with pivots, MA48 and MA28.
 
  Search depth for LU is set to 256
  Column Filter threshold is set to 5.0000001E-02
  Harwell paramter for reuse is set to -1.000000
 
 [This TG-program was created by TABLO at 12:09:30 on 04-FEB-2026.]
 When TABLO was run, GPDIR="C:\GP"
 
  [Starting to check "extra" statements on the Command file.]
  
 
  [Finished checking "extra" statements on the Command file.]
  
 
 ++++++++++++++++++++++++++++++++++++++++++++++++++
  This program was written by the GEMPACK program TABLO 
  as described in the Information file
  'minimal.inf
 
  This run of the TABLO-generated program
      o can create the Equations file
      o can carry out 11 WRITEs
      o can carry out multi-step simulations
 
 ++++++++++++++++++++++++++++++++++++++++++++++++++
 (Range test of updated or extrapolated values will produce warnings.)
 
  (Using Johansen's method.)
 (Range test of initial values will produce warnings.)
  (Model is ''.   Version number is 1.)
 (Opened new header file 'MINGUIDE.sl4'.)
 (Solution file is 'MINGUIDE.sl4'.)
 (Opened new header file 'MINGUIDE.slc'.)
 (Opened, as text, existing file 'MINGUIDE.CMF'.)
 
  !  (There is no CREATION information on this file.)
  
 
  (Data file with logical name 'BASEDATA')
 
  %% UNABLE TO OPEN FILE '../model/minimal.har'.
   It seems that the file does not exist.
 
 (ERROR RETURN FROM ROUTINE:TGOADF)
 (E-File not opened)
 
  (The program terminated with an error.)
  (The program has completed without warnings.)
  
  Total elapsed time is:  4 seconds.

 This run ended at 12:30:57 on 04-FEB-2026
